[2023-08-18 11:50:35.396] [error] Error: Cannot start a HubConnection that is not in the 'Disconnected' state.
    at G._startWithStateTransitions (file:///usr/lib/bitwarden/app.asar/app/vendor.js:2:61054)
    at G.start (file:///usr/lib/bitwarden/app.asar/app/vendor.js:2:60907)
    at useClass.<anonymous> (file:///usr/lib/bitwarden/app.asar/app/main.js:1:539295)
    at Generator.next (<anonymous>)
    at r (file:///usr/lib/bitwarden/app.asar/app/main.js:1:350371)
    at c.invoke (file:///usr/lib/bitwarden/app.asar/app/vendor.js:2:791744)
    at Object.onInvoke (file:///usr/lib/bitwarden/app.asar/app/vendor.js:2:2169654)
    at c.invoke (file:///usr/lib/bitwarden/app.asar/app/vendor.js:2:791684)
    at o.run (file:///usr/lib/bitwarden/app.asar/app/vendor.js:2:787122)
    at file:///usr/lib/bitwarden/app.asar/app/vendor.js:2:802099
[2023-08-18 11:50:35.438] [error] Error: Cannot start a HubConnection that is not in the 'Disconnected' state.
    at G._startWithStateTransitions (file:///usr/lib/bitwarden/app.asar/app/vendor.js:2:61054)
    at G.start (file:///usr/lib/bitwarden/app.asar/app/vendor.js:2:60907)
    at useClass.<anonymous> (file:///usr/lib/bitwarden/app.asar/app/main.js:1:539295)
    at Generator.next (<anonymous>)
    at r (file:///usr/lib/bitwarden/app.asar/app/main.js:1:350371)
    at c.invoke (file:///usr/lib/bitwarden/app.asar/app/vendor.js:2:791744)
    at Object.onInvoke (file:///usr/lib/bitwarden/app.asar/app/vendor.js:2:2169654)
    at c.invoke (file:///usr/lib/bitwarden/app.asar/app/vendor.js:2:791684)
    at o.run (file:///usr/lib/bitwarden/app.asar/app/vendor.js:2:787122)
    at file:///usr/lib/bitwarden/app.asar/app/vendor.js:2:802099
[2023-08-18 11:50:35.636] [info]  Finished search indexing
[2023-08-18 11:50:37.809] [info]  Finished search indexing
[2023-08-18 11:55:28.245] [info]  Finished search indexing
[2023-08-18 11:55:48.643] [info]  Finished search indexing
